module.js:549
    throw err;
    ^

Error: Cannot find module 'dotenv'
    at Function.Module._resolveFilename (module.js:547:15)
    at Function.Module._load (module.js:474:25)
    at Module.require (module.js:596:17)
    at require (internal/module.js:11:18)
    at Object.<anonymous> (/data/gamestats.brentwood.bc.ca/socket.js:1:63)
    at Module._compile (module.js:652:30)
    at Object.Module._extensions..js (module.js:663:10)
    at Module.load (module.js:565:32)
    at tryModuleLoad (module.js:505:12)
    at Function.Module._load (module.js:497:3)
module.js:549
    throw err;
    ^

Error: Cannot find module 'dotenv'
    at Function.Module._resolveFilename (module.js:547:15)
    at Function.Module._load (module.js:474:25)
    at Module.require (module.js:596:17)
    at require (internal/module.js:11:18)
    at Object.<anonymous> (/data/gamestats.brentwood.bc.ca/socket.js:1:63)
    at Module._compile (module.js:652:30)
    at Object.Module._extensions..js (module.js:663:10)
    at Module.load (module.js:565:32)
    at tryModuleLoad (module.js:505:12)
    at Function.Module._load (module.js:497:3)
module.js:549
    throw err;
    ^

Error: Cannot find module 'dotenv'
    at Function.Module._resolveFilename (module.js:547:15)
    at Function.Module._load (module.js:474:25)
    at Module.require (module.js:596:17)
    at require (internal/module.js:11:18)
    at Object.<anonymous> (/data/gamestats.brentwood.bc.ca/socket.js:1:63)
    at Module._compile (module.js:652:30)
    at Object.Module._extensions..js (module.js:663:10)
    at Module.load (module.js:565:32)
    at tryModuleLoad (module.js:505:12)
    at Function.Module._load (module.js:497:3)
module.js:549
    throw err;
    ^

Error: Cannot find module 'dotenv'
    at Function.Module._resolveFilename (module.js:547:15)
    at Function.Module._load (module.js:474:25)
    at Module.require (module.js:596:17)
    at require (internal/module.js:11:18)
    at Object.<anonymous> (/data/gamestats.brentwood.bc.ca/socket.js:1:63)
    at Module._compile (module.js:652:30)
    at Object.Module._extensions..js (module.js:663:10)
    at Module.load (module.js:565:32)
    at tryModuleLoad (module.js:505:12)
    at Function.Module._load (module.js:497:3)
[ioredis] Unhandled error event: Error: connect ECONNREFUSED 127.0.0.1:6379
    at Object._errnoException (util.js:992:11)
    at _exceptionWithHostPort (util.js:1014:20)
    at TCPConnectWrap.afterConnect [as oncomplete] (net.js:1186:14)
[ioredis] Unhandled error event: Error: connect ECONNREFUSED 127.0.0.1:6379
    at Object._errnoException (util.js:992:11)
    at _exceptionWithHostPort (util.js:1014:20)
    at TCPConnectWrap.afterConnect [as oncomplete] (net.js:1186:14)
[ioredis] Unhandled error event: Error: connect ECONNREFUSED 127.0.0.1:6379
    at Object._errnoException (util.js:992:11)
    at _exceptionWithHostPort (util.js:1014:20)
    at TCPConnectWrap.afterConnect [as oncomplete] (net.js:1186:14)
[ioredis] Unhandled error event: Error: connect ECONNREFUSED 127.0.0.1:6379
    at Object._errnoException (util.js:992:11)
    at _exceptionWithHostPort (util.js:1014:20)
    at TCPConnectWrap.afterConnect [as oncomplete] (net.js:1186:14)
[ioredis] Unhandled error event: Error: connect ECONNREFUSED 127.0.0.1:6379
    at Object._errnoException (util.js:992:11)
    at _exceptionWithHostPort (util.js:1014:20)
    at TCPConnectWrap.afterConnect [as oncomplete] (net.js:1186:14)
[ioredis] Unhandled error event: Error: connect ECONNREFUSED 127.0.0.1:6379
    at Object._errnoException (util.js:992:11)
    at _exceptionWithHostPort (util.js:1014:20)
    at TCPConnectWrap.afterConnect [as oncomplete] (net.js:1186:14)
[ioredis] Unhandled error event: Error: connect ECONNREFUSED 127.0.0.1:6379
    at Object._errnoException (util.js:992:11)
    at _exceptionWithHostPort (util.js:1014:20)
    at TCPConnectWrap.afterConnect [as oncomplete] (net.js:1186:14)
[ioredis] Unhandled error event: Error: connect ECONNREFUSED 127.0.0.1:6379
    at Object._errnoException (util.js:992:11)
    at _exceptionWithHostPort (util.js:1014:20)
    at TCPConnectWrap.afterConnect [as oncomplete] (net.js:1186:14)
[ioredis] Unhandled error event: Error: connect ECONNREFUSED 127.0.0.1:6379
    at Object._errnoException (util.js:992:11)
    at _exceptionWithHostPort (util.js:1014:20)
    at TCPConnectWrap.afterConnect [as oncomplete] (net.js:1186:14)
[ioredis] Unhandled error event: Error: connect ECONNREFUSED 127.0.0.1:6379
    at Object._errnoException (util.js:992:11)
    at _exceptionWithHostPort (util.js:1014:20)
    at TCPConnectWrap.afterConnect [as oncomplete] (net.js:1186:14)
[ioredis] Unhandled error event: Error: connect ECONNREFUSED 127.0.0.1:6379
    at Object._errnoException (util.js:992:11)
    at _exceptionWithHostPort (util.js:1014:20)
    at TCPConnectWrap.afterConnect [as oncomplete] (net.js:1186:14)
[ioredis] Unhandled error event: Error: connect ECONNREFUSED 127.0.0.1:6379
    at Object._errnoException (util.js:992:11)
    at _exceptionWithHostPort (util.js:1014:20)
    at TCPConnectWrap.afterConnect [as oncomplete] (net.js:1186:14)
[ioredis] Unhandled error event: Error: connect ECONNREFUSED 127.0.0.1:6379
    at Object._errnoException (util.js:992:11)
    at _exceptionWithHostPort (util.js:1014:20)
    at TCPConnectWrap.afterConnect [as oncomplete] (net.js:1186:14)
